Task Summary (2025-05-21 11:57:23)
==================================================
Total Tasks: 76
Success Tasks: 43

Details:
--------------------------------------------------
Project: aoi-2.8.1
Task: cs1call
Duration: 45.45s
Status: SUCCESS (Code: 0)
Log: /home/byx/testSpace/javaprjs/aoi-2.8.1/cs1call_logs/run_20250521-113413.log
------------------------------
Project: oscache-2.4.1
Task: cs1call
Duration: 6.52s
Status: FAILED (Code: 1)
Log: /home/byx/testSpace/javaprjs/oscache-2.4.1/cs1call_logs/run_20250521-113459.log
------------------------------
Project: pmd-4.2.5
Task: cs1call
Duration: 5.52s
Status: FAILED (Code: 1)
Log: /home/byx/testSpace/javaprjs/pmd-4.2.5/cs1call_logs/run_20250521-113505.log
------------------------------
Project: wct-1.5.2
Task: cs1call
Duration: 7.42s
Status: FAILED (Code: 1)
Log: /home/byx/testSpace/javaprjs/wct-1.5.2/cs1call_logs/run_20250521-113511.log
------------------------------
Project: tomcat-7.0.2
Task: cs1call
Duration: 3.71s
Status: FAILED (Code: 1)
Log: /home/byx/testSpace/javaprjs/tomcat-7.0.2/cs1call_logs/run_20250521-113518.log
------------------------------
Project: velocity-1.6.4
Task: cs1call
Duration: 5.31s
Status: FAILED (Code: 1)
Log: /home/byx/testSpace/javaprjs/velocity-1.6.4/cs1call_logs/run_20250521-113522.log
------------------------------
Project: castor-1.3.1
Task: cs1call
Duration: 2.61s
Status: FAILED (Code: 1)
Log: /home/byx/testSpace/javaprjs/castor-1.3.1/cs1call_logs/run_20250521-113527.log
------------------------------
Project: jedit-4.3.2
Task: cs1call
Duration: 50.1s
Status: SUCCESS (Code: 0)
Log: /home/byx/testSpace/javaprjs/jedit-4.3.2/cs1call_logs/run_20250521-113530.log
------------------------------
Project: itext-5.0.3
Task: cs1call
Duration: 29.02s
Status: SUCCESS (Code: 0)
Log: /home/byx/testSpace/javaprjs/itext-5.0.3/cs1call_logs/run_20250521-113620.log
------------------------------
Project: emma-2.0.5312
Task: cs1call
Duration: 5.02s
Status: FAILED (Code: 1)
Log: /home/byx/testSpace/javaprjs/emma-2.0.5312/cs1call_logs/run_20250521-113649.log
------------------------------
Project: picocontainer-2.10.2
Task: cs1call
Duration: 3.61s
Status: FAILED (Code: 1)
Log: /home/byx/testSpace/javaprjs/picocontainer-2.10.2/cs1call_logs/run_20250521-113654.log
------------------------------
Project: pooka-3.0-080505
Task: cs1call
Duration: 61.43s
Status: SUCCESS (Code: 0)
Log: /home/byx/testSpace/javaprjs/pooka-3.0-080505/cs1call_logs/run_20250521-113658.log
------------------------------
Project: jag-6.1
Task: cs1call
Duration: 5.82s
Status: FAILED (Code: 1)
Log: /home/byx/testSpace/javaprjs/jag-6.1/cs1call_logs/run_20250521-113759.log
------------------------------
Project: proguard-4.5.1
Task: cs1call
Duration: 11.63s
Status: SUCCESS (Code: 0)
Log: /home/byx/testSpace/javaprjs/proguard-4.5.1/cs1call_logs/run_20250521-113805.log
------------------------------
Project: commons-collections-3.2.1
Task: cs1call
Duration: 7.13s
Status: SUCCESS (Code: 0)
Log: /home/byx/testSpace/javaprjs/commons-collections-3.2.1/cs1call_logs/run_20250521-113816.log
------------------------------
Project: openjms-0.7.7-beta-1
Task: cs1call
Duration: 11.03s
Status: SUCCESS (Code: 0)
Log: /home/byx/testSpace/javaprjs/openjms-0.7.7-beta-1/cs1call_logs/run_20250521-113824.log
------------------------------
Project: xalan-2.7.1
Task: cs1call
Duration: 52.52s
Status: SUCCESS (Code: 0)
Log: /home/byx/testSpace/javaprjs/xalan-2.7.1/cs1call_logs/run_20250521-113835.log
------------------------------
Project: jgroups-2.10.0
Task: cs1call
Duration: 34.31s
Status: SUCCESS (Code: 0)
Log: /home/byx/testSpace/javaprjs/jgroups-2.10.0/cs1call_logs/run_20250521-113927.log
------------------------------
Project: megamek-0.35.18
Task: cs1call
Duration: 51.7s
Status: SUCCESS (Code: 0)
Log: /home/byx/testSpace/javaprjs/megamek-0.35.18/cs1call_logs/run_20250521-114001.log
------------------------------
Project: colt-1.2.0
Task: cs1call
Duration: 9.43s
Status: SUCCESS (Code: 0)
Log: /home/byx/testSpace/javaprjs/colt-1.2.0/cs1call_logs/run_20250521-114053.log
------------------------------
Project: jext-5.0
Task: cs1call
Duration: 41.79s
Status: SUCCESS (Code: 0)
Log: /home/byx/testSpace/javaprjs/jext-5.0/cs1call_logs/run_20250521-114103.log
------------------------------
Project: jasml-0.10
Task: cs1call
Duration: 7.44s
Status: FAILED (Code: 1)
Log: /home/byx/testSpace/javaprjs/jasml-0.10/cs1call_logs/run_20250521-114144.log
------------------------------
Project: batik-1.7
Task: cs1call
Duration: 79.53s
Status: SUCCESS (Code: 0)
Log: /home/byx/testSpace/javaprjs/batik-1.7/cs1call_logs/run_20250521-114152.log
------------------------------
Project: jhotdraw-7.5.1
Task: cs1call
Duration: 48.27s
Status: SUCCESS (Code: 0)
Log: /home/byx/testSpace/javaprjs/jhotdraw-7.5.1/cs1call_logs/run_20250521-114311.log
------------------------------
Project: trove-2.1.0
Task: cs1call
Duration: 13.54s
Status: SUCCESS (Code: 0)
Log: /home/byx/testSpace/javaprjs/trove-2.1.0/cs1call_logs/run_20250521-114400.log
------------------------------
Project: freecs-1.3.20100406
Task: cs1call
Duration: 17.77s
Status: SUCCESS (Code: 0)
Log: /home/byx/testSpace/javaprjs/freecs-1.3.20100406/cs1call_logs/run_20250521-114413.log
------------------------------
Project: displaytag-1.2
Task: cs1call
Duration: 2.51s
Status: FAILED (Code: 1)
Log: /home/byx/testSpace/javaprjs/displaytag-1.2/cs1call_logs/run_20250521-114431.log
------------------------------
Project: quartz-1.8.3
Task: cs1call
Duration: 17.76s
Status: SUCCESS (Code: 0)
Log: /home/byx/testSpace/javaprjs/quartz-1.8.3/cs1call_logs/run_20250521-114433.log
------------------------------
Project: ivatagroupware-0.11.3
Task: cs1call
Duration: 6.82s
Status: FAILED (Code: 1)
Log: /home/byx/testSpace/javaprjs/ivatagroupware-0.11.3/cs1call_logs/run_20250521-114451.log
------------------------------
Project: squirrel_sql-3.1.2
Task: cs1call
Duration: 10.23s
Status: FAILED (Code: 1)
Log: /home/byx/testSpace/javaprjs/squirrel_sql-3.1.2/cs1call_logs/run_20250521-114458.log
------------------------------
Project: javacc-5.0
Task: cs1call
Duration: 17.07s
Status: SUCCESS (Code: 0)
Log: /home/byx/testSpace/javaprjs/javacc-5.0/cs1call_logs/run_20250521-114508.log
------------------------------
Project: jfreechart-1.0.13
Task: cs1call
Duration: 3.51s
Status: FAILED (Code: 1)
Log: /home/byx/testSpace/javaprjs/jfreechart-1.0.13/cs1call_logs/run_20250521-114525.log
------------------------------
Project: webmail-0.7.10
Task: cs1call
Duration: 6.52s
Status: FAILED (Code: 1)
Log: /home/byx/testSpace/javaprjs/webmail-0.7.10/cs1call_logs/run_20250521-114529.log
------------------------------
Project: nekohtml-1.9.14
Task: cs1call
Duration: 6.72s
Status: FAILED (Code: 1)
Log: /home/byx/testSpace/javaprjs/nekohtml-1.9.14/cs1call_logs/run_20250521-114535.log
------------------------------
Project: ApacheJMeter_core-3.1
Task: cs1call
Duration: 9.94s
Status: FAILED (Code: 1)
Log: /home/byx/testSpace/javaprjs/ApacheJMeter_core-3.1/cs1call_logs/run_20250521-114542.log
------------------------------
Project: marauroa-3.8.1
Task: cs1call
Duration: 16.06s
Status: SUCCESS (Code: 0)
Log: /home/byx/testSpace/javaprjs/marauroa-3.8.1/cs1call_logs/run_20250521-114552.log
------------------------------
Project: mockito-core-2.7.17
Task: cs1call
Duration: 3.71s
Status: FAILED (Code: 1)
Log: /home/byx/testSpace/javaprjs/mockito-core-2.7.17/cs1call_logs/run_20250521-114608.log
------------------------------
Project: jsXe-04_beta
Task: cs1call
Duration: 7.02s
Status: FAILED (Code: 1)
Log: /home/byx/testSpace/javaprjs/jsXe-04_beta/cs1call_logs/run_20250521-114612.log
------------------------------
Project: htmlunit-2.8
Task: cs1call
Duration: 14.15s
Status: SUCCESS (Code: 0)
Log: /home/byx/testSpace/javaprjs/htmlunit-2.8/cs1call_logs/run_20250521-114619.log
------------------------------
Project: weka-3-7-9
Task: cs1call
Duration: 121.47s
Status: SUCCESS (Code: 0)
Log: /home/byx/testSpace/javaprjs/weka-3-7-9/cs1call_logs/run_20250521-114633.log
------------------------------
Project: axion-1.0-M2
Task: cs1call
Duration: 5.92s
Status: FAILED (Code: 1)
Log: /home/byx/testSpace/javaprjs/axion-1.0-M2/cs1call_logs/run_20250521-114834.log
------------------------------
Project: log4j-1.2.16
Task: cs1call
Duration: 26.82s
Status: SUCCESS (Code: 0)
Log: /home/byx/testSpace/javaprjs/log4j-1.2.16/cs1call_logs/run_20250521-114840.log
------------------------------
Project: sandmark-3.4
Task: cs1call
Duration: 15.26s
Status: SUCCESS (Code: 0)
Log: /home/byx/testSpace/javaprjs/sandmark-3.4/cs1call_logs/run_20250521-114907.log
------------------------------
Project: fitjava-1.1
Task: cs1call
Duration: 9.23s
Status: SUCCESS (Code: 0)
Log: /home/byx/testSpace/javaprjs/fitjava-1.1/cs1call_logs/run_20250521-114922.log
------------------------------
Project: lucene-4.3.0
Task: cs1call
Duration: 11.73s
Status: SUCCESS (Code: 0)
Log: /home/byx/testSpace/javaprjs/lucene-4.3.0/cs1call_logs/run_20250521-114932.log
------------------------------
Project: checkstyle-5.1
Task: cs1call
Duration: 14.45s
Status: SUCCESS (Code: 0)
Log: /home/byx/testSpace/javaprjs/checkstyle-5.1/cs1call_logs/run_20250521-114943.log
------------------------------
Project: jasperreports-1.1.0
Task: cs1call
Duration: 3.21s
Status: FAILED (Code: 1)
Log: /home/byx/testSpace/javaprjs/jasperreports-1.1.0/cs1call_logs/run_20250521-114958.log
------------------------------
Project: quilt-0.6-a-5
Task: cs1call
Duration: 14.96s
Status: SUCCESS (Code: 0)
Log: /home/byx/testSpace/javaprjs/quilt-0.6-a-5/cs1call_logs/run_20250521-115001.log
------------------------------
Project: jmoney-0.4.4
Task: cs1call
Duration: 7.12s
Status: FAILED (Code: 1)
Log: /home/byx/testSpace/javaprjs/jmoney-0.4.4/cs1call_logs/run_20250521-115016.log
------------------------------
Project: mvnforum-1.2.2-ga
Task: cs1call
Duration: 13.24s
Status: SUCCESS (Code: 0)
Log: /home/byx/testSpace/javaprjs/mvnforum-1.2.2-ga/cs1call_logs/run_20250521-115023.log
------------------------------
Project: guava-21.0
Task: cs1call
Duration: 16.75s
Status: SUCCESS (Code: 0)
Log: /home/byx/testSpace/javaprjs/guava-21.0/cs1call_logs/run_20250521-115036.log
------------------------------
Project: fitlibraryforfitnesse-20100806
Task: cs1call
Duration: 14.64s
Status: SUCCESS (Code: 0)
Log: /home/byx/testSpace/javaprjs/fitlibraryforfitnesse-20100806/cs1call_logs/run_20250521-115053.log
------------------------------
Project: asm-5.2
Task: cs1call
Duration: 14.04s
Status: SUCCESS (Code: 0)
Log: /home/byx/testSpace/javaprjs/asm-5.2/cs1call_logs/run_20250521-115108.log
------------------------------
Project: drawswf-1.2.9
Task: cs1call
Duration: 18.18s
Status: SUCCESS (Code: 0)
Log: /home/byx/testSpace/javaprjs/drawswf-1.2.9/cs1call_logs/run_20250521-115122.log
------------------------------
Project: jgrapht-0.8.1
Task: cs1call
Duration: 23.28s
Status: SUCCESS (Code: 0)
Log: /home/byx/testSpace/javaprjs/jgrapht-0.8.1/cs1call_logs/run_20250521-115140.log
------------------------------
Project: jspwiki-2.8.4
Task: cs1call
Duration: 16.35s
Status: SUCCESS (Code: 0)
Log: /home/byx/testSpace/javaprjs/jspwiki-2.8.4/cs1call_logs/run_20250521-115203.log
------------------------------
Project: drools-7.0.0.Beta6
Task: cs1call
Duration: 29.49s
Status: SUCCESS (Code: 0)
Log: /home/byx/testSpace/javaprjs/drools-7.0.0.Beta6/cs1call_logs/run_20250521-115220.log
------------------------------
Project: jgraphpad-5.10.0.2
Task: cs1call
Duration: 5.02s
Status: FAILED (Code: 1)
Log: /home/byx/testSpace/javaprjs/jgraphpad-5.10.0.2/cs1call_logs/run_20250521-115249.log
------------------------------
Project: jparse-0.96
Task: cs1call
Duration: 3.91s
Status: FAILED (Code: 1)
Log: /home/byx/testSpace/javaprjs/jparse-0.96/cs1call_logs/run_20250521-115254.log
------------------------------
Project: sunflow-0.07.2
Task: cs1call
Duration: 34.81s
Status: SUCCESS (Code: 0)
Log: /home/byx/testSpace/javaprjs/sunflow-0.07.2/cs1call_logs/run_20250521-115258.log
------------------------------
Project: galleon-2.3.0
Task: cs1call
Duration: 11.83s
Status: FAILED (Code: 1)
Log: /home/byx/testSpace/javaprjs/galleon-2.3.0/cs1call_logs/run_20250521-115333.log
------------------------------
Project: jrefactory-2.9.19
Task: cs1call
Duration: 13.15s
Status: FAILED (Code: 1)
Log: /home/byx/testSpace/javaprjs/jrefactory-2.9.19/cs1call_logs/run_20250521-115345.log
------------------------------
Project: freecol-0.10.7
Task: cs1call
Duration: 84.81s
Status: SUCCESS (Code: 0)
Log: /home/byx/testSpace/javaprjs/freecol-0.10.7/cs1call_logs/run_20250521-115358.log
------------------------------
Project: findbugs-1.3.9
Task: cs1call
Duration: 7.92s
Status: FAILED (Code: 1)
Log: /home/byx/testSpace/javaprjs/findbugs-1.3.9/cs1call_logs/run_20250521-115523.log
------------------------------
Project: jpf-1.5.1
Task: cs1call
Duration: 4.61s
Status: FAILED (Code: 1)
Log: /home/byx/testSpace/javaprjs/jpf-1.5.1/cs1call_logs/run_20250521-115530.log
------------------------------
Project: jrat-0.6
Task: cs1call
Duration: 8.83s
Status: SUCCESS (Code: 0)
Log: /home/byx/testSpace/javaprjs/jrat-0.6/cs1call_logs/run_20250521-115535.log
------------------------------
Project: jgraph-5.13.0.0
Task: cs1call
Duration: 8.32s
Status: SUCCESS (Code: 0)
Log: /home/byx/testSpace/javaprjs/jgraph-5.13.0.0/cs1call_logs/run_20250521-115544.log
------------------------------
Project: informa-0.7.0-alpha2
Task: cs1call
Duration: 6.92s
Status: FAILED (Code: 1)
Log: /home/byx/testSpace/javaprjs/informa-0.7.0-alpha2/cs1call_logs/run_20250521-115552.log
------------------------------
Project: c_jdbc-2.0.2
Task: cs1call
Duration: 14.85s
Status: FAILED (Code: 1)
Log: /home/byx/testSpace/javaprjs/c_jdbc-2.0.2/cs1call_logs/run_20250521-115559.log
------------------------------
Project: tapestry-5.1.0.5
Task: cs1call
Duration: 8.33s
Status: FAILED (Code: 1)
Log: /home/byx/testSpace/javaprjs/tapestry-5.1.0.5/cs1call_logs/run_20250521-115614.log
------------------------------
Project: aspectj-1.6.9
Task: cs1call
Duration: 2.71s
Status: FAILED (Code: 1)
Log: /home/byx/testSpace/javaprjs/aspectj-1.6.9/cs1call_logs/run_20250521-115622.log
------------------------------
Project: jena-2.6.3
Task: cs1call
Duration: 8.63s
Status: FAILED (Code: 1)
Log: /home/byx/testSpace/javaprjs/jena-2.6.3/cs1call_logs/run_20250521-115625.log
------------------------------
Project: james-2.2.0
Task: cs1call
Duration: 7.12s
Status: SUCCESS (Code: 0)
Log: /home/byx/testSpace/javaprjs/james-2.2.0/cs1call_logs/run_20250521-115634.log
------------------------------
Project: jFin_DateMath-R1.0.1
Task: cs1call
Duration: 11.74s
Status: SUCCESS (Code: 0)
Log: /home/byx/testSpace/javaprjs/jFin_DateMath-R1.0.1/cs1call_logs/run_20250521-115641.log
------------------------------
Project: xerces-2.10.0
Task: cs1call
Duration: 13.04s
Status: SUCCESS (Code: 0)
Log: /home/byx/testSpace/javaprjs/xerces-2.10.0/cs1call_logs/run_20250521-115653.log
------------------------------
Project: sablecc-3.2
Task: cs1call
Duration: 17.57s
Status: SUCCESS (Code: 0)
Log: /home/byx/testSpace/javaprjs/sablecc-3.2/cs1call_logs/run_20250521-115706.log
------------------------------
