Task Summary (2025-05-22 17:39:10)
==================================================
Total Tasks: 76
Success Tasks: 43

Details:
--------------------------------------------------
Project: aoi-2.8.1
Task: cs1call
Duration: 45.84s
Status: SUCCESS (Code: 0)
Log: /home/byx/testSpace/javaprjs/aoi-2.8.1/cs1call_logs/run_20250522-171723.log
------------------------------
Project: oscache-2.4.1
Task: cs1call
Duration: 6.43s
Status: FAILED (Code: 1)
Log: /home/byx/testSpace/javaprjs/oscache-2.4.1/cs1call_logs/run_20250522-171809.log
------------------------------
Project: pmd-4.2.5
Task: cs1call
Duration: 5.12s
Status: FAILED (Code: 1)
Log: /home/byx/testSpace/javaprjs/pmd-4.2.5/cs1call_logs/run_20250522-171815.log
------------------------------
Project: wct-1.5.2
Task: cs1call
Duration: 6.82s
Status: FAILED (Code: 1)
Log: /home/byx/testSpace/javaprjs/wct-1.5.2/cs1call_logs/run_20250522-171820.log
------------------------------
Project: tomcat-7.0.2
Task: cs1call
Duration: 3.31s
Status: FAILED (Code: 1)
Log: /home/byx/testSpace/javaprjs/tomcat-7.0.2/cs1call_logs/run_20250522-171827.log
------------------------------
Project: velocity-1.6.4
Task: cs1call
Duration: 5.32s
Status: FAILED (Code: 1)
Log: /home/byx/testSpace/javaprjs/velocity-1.6.4/cs1call_logs/run_20250522-171830.log
------------------------------
Project: castor-1.3.1
Task: cs1call
Duration: 2.21s
Status: FAILED (Code: 1)
Log: /home/byx/testSpace/javaprjs/castor-1.3.1/cs1call_logs/run_20250522-171836.log
------------------------------
Project: jedit-4.3.2
Task: cs1call
Duration: 49.05s
Status: SUCCESS (Code: 0)
Log: /home/byx/testSpace/javaprjs/jedit-4.3.2/cs1call_logs/run_20250522-171838.log
------------------------------
Project: itext-5.0.3
Task: cs1call
Duration: 28.11s
Status: SUCCESS (Code: 0)
Log: /home/byx/testSpace/javaprjs/itext-5.0.3/cs1call_logs/run_20250522-171927.log
------------------------------
Project: emma-2.0.5312
Task: cs1call
Duration: 4.41s
Status: FAILED (Code: 1)
Log: /home/byx/testSpace/javaprjs/emma-2.0.5312/cs1call_logs/run_20250522-171955.log
------------------------------
Project: picocontainer-2.10.2
Task: cs1call
Duration: 3.61s
Status: FAILED (Code: 1)
Log: /home/byx/testSpace/javaprjs/picocontainer-2.10.2/cs1call_logs/run_20250522-172000.log
------------------------------
Project: pooka-3.0-080505
Task: cs1call
Duration: 59.2s
Status: SUCCESS (Code: 0)
Log: /home/byx/testSpace/javaprjs/pooka-3.0-080505/cs1call_logs/run_20250522-172003.log
------------------------------
Project: jag-6.1
Task: cs1call
Duration: 5.82s
Status: FAILED (Code: 1)
Log: /home/byx/testSpace/javaprjs/jag-6.1/cs1call_logs/run_20250522-172102.log
------------------------------
Project: proguard-4.5.1
Task: cs1call
Duration: 11.74s
Status: SUCCESS (Code: 0)
Log: /home/byx/testSpace/javaprjs/proguard-4.5.1/cs1call_logs/run_20250522-172108.log
------------------------------
Project: commons-collections-3.2.1
Task: cs1call
Duration: 4.11s
Status: SUCCESS (Code: 0)
Log: /home/byx/testSpace/javaprjs/commons-collections-3.2.1/cs1call_logs/run_20250522-172120.log
------------------------------
Project: openjms-0.7.7-beta-1
Task: cs1call
Duration: 11.04s
Status: SUCCESS (Code: 0)
Log: /home/byx/testSpace/javaprjs/openjms-0.7.7-beta-1/cs1call_logs/run_20250522-172124.log
------------------------------
Project: xalan-2.7.1
Task: cs1call
Duration: 49.9s
Status: SUCCESS (Code: 0)
Log: /home/byx/testSpace/javaprjs/xalan-2.7.1/cs1call_logs/run_20250522-172135.log
------------------------------
Project: jgroups-2.10.0
Task: cs1call
Duration: 32.99s
Status: SUCCESS (Code: 0)
Log: /home/byx/testSpace/javaprjs/jgroups-2.10.0/cs1call_logs/run_20250522-172225.log
------------------------------
Project: megamek-0.35.18
Task: cs1call
Duration: 53.09s
Status: SUCCESS (Code: 0)
Log: /home/byx/testSpace/javaprjs/megamek-0.35.18/cs1call_logs/run_20250522-172258.log
------------------------------
Project: colt-1.2.0
Task: cs1call
Duration: 5.22s
Status: SUCCESS (Code: 0)
Log: /home/byx/testSpace/javaprjs/colt-1.2.0/cs1call_logs/run_20250522-172351.log
------------------------------
Project: jext-5.0
Task: cs1call
Duration: 40.03s
Status: SUCCESS (Code: 0)
Log: /home/byx/testSpace/javaprjs/jext-5.0/cs1call_logs/run_20250522-172356.log
------------------------------
Project: jasml-0.10
Task: cs1call
Duration: 7.42s
Status: FAILED (Code: 1)
Log: /home/byx/testSpace/javaprjs/jasml-0.10/cs1call_logs/run_20250522-172436.log
------------------------------
Project: batik-1.7
Task: cs1call
Duration: 77.82s
Status: SUCCESS (Code: 0)
Log: /home/byx/testSpace/javaprjs/batik-1.7/cs1call_logs/run_20250522-172444.log
------------------------------
Project: jhotdraw-7.5.1
Task: cs1call
Duration: 48.07s
Status: SUCCESS (Code: 0)
Log: /home/byx/testSpace/javaprjs/jhotdraw-7.5.1/cs1call_logs/run_20250522-172602.log
------------------------------
Project: trove-2.1.0
Task: cs1call
Duration: 4.41s
Status: SUCCESS (Code: 0)
Log: /home/byx/testSpace/javaprjs/trove-2.1.0/cs1call_logs/run_20250522-172650.log
------------------------------
Project: freecs-1.3.20100406
Task: cs1call
Duration: 17.36s
Status: SUCCESS (Code: 0)
Log: /home/byx/testSpace/javaprjs/freecs-1.3.20100406/cs1call_logs/run_20250522-172654.log
------------------------------
Project: displaytag-1.2
Task: cs1call
Duration: 2.41s
Status: FAILED (Code: 1)
Log: /home/byx/testSpace/javaprjs/displaytag-1.2/cs1call_logs/run_20250522-172711.log
------------------------------
Project: quartz-1.8.3
Task: cs1call
Duration: 17.87s
Status: SUCCESS (Code: 0)
Log: /home/byx/testSpace/javaprjs/quartz-1.8.3/cs1call_logs/run_20250522-172714.log
------------------------------
Project: ivatagroupware-0.11.3
Task: cs1call
Duration: 6.92s
Status: FAILED (Code: 1)
Log: /home/byx/testSpace/javaprjs/ivatagroupware-0.11.3/cs1call_logs/run_20250522-172732.log
------------------------------
Project: squirrel_sql-3.1.2
Task: cs1call
Duration: 9.53s
Status: FAILED (Code: 1)
Log: /home/byx/testSpace/javaprjs/squirrel_sql-3.1.2/cs1call_logs/run_20250522-172739.log
------------------------------
Project: javacc-5.0
Task: cs1call
Duration: 16.76s
Status: SUCCESS (Code: 0)
Log: /home/byx/testSpace/javaprjs/javacc-5.0/cs1call_logs/run_20250522-172748.log
------------------------------
Project: jfreechart-1.0.13
Task: cs1call
Duration: 3.31s
Status: FAILED (Code: 1)
Log: /home/byx/testSpace/javaprjs/jfreechart-1.0.13/cs1call_logs/run_20250522-172805.log
------------------------------
Project: webmail-0.7.10
Task: cs1call
Duration: 6.22s
Status: FAILED (Code: 1)
Log: /home/byx/testSpace/javaprjs/webmail-0.7.10/cs1call_logs/run_20250522-172808.log
------------------------------
Project: nekohtml-1.9.14
Task: cs1call
Duration: 6.32s
Status: FAILED (Code: 1)
Log: /home/byx/testSpace/javaprjs/nekohtml-1.9.14/cs1call_logs/run_20250522-172814.log
------------------------------
Project: ApacheJMeter_core-3.1
Task: cs1call
Duration: 9.63s
Status: FAILED (Code: 1)
Log: /home/byx/testSpace/javaprjs/ApacheJMeter_core-3.1/cs1call_logs/run_20250522-172821.log
------------------------------
Project: marauroa-3.8.1
Task: cs1call
Duration: 16.66s
Status: SUCCESS (Code: 0)
Log: /home/byx/testSpace/javaprjs/marauroa-3.8.1/cs1call_logs/run_20250522-172830.log
------------------------------
Project: mockito-core-2.7.17
Task: cs1call
Duration: 3.61s
Status: FAILED (Code: 1)
Log: /home/byx/testSpace/javaprjs/mockito-core-2.7.17/cs1call_logs/run_20250522-172847.log
------------------------------
Project: jsXe-04_beta
Task: cs1call
Duration: 7.12s
Status: FAILED (Code: 1)
Log: /home/byx/testSpace/javaprjs/jsXe-04_beta/cs1call_logs/run_20250522-172851.log
------------------------------
Project: htmlunit-2.8
Task: cs1call
Duration: 6.93s
Status: SUCCESS (Code: 0)
Log: /home/byx/testSpace/javaprjs/htmlunit-2.8/cs1call_logs/run_20250522-172858.log
------------------------------
Project: weka-3-7-9
Task: cs1call
Duration: 125.93s
Status: SUCCESS (Code: 0)
Log: /home/byx/testSpace/javaprjs/weka-3-7-9/cs1call_logs/run_20250522-172905.log
------------------------------
Project: axion-1.0-M2
Task: cs1call
Duration: 6.32s
Status: FAILED (Code: 1)
Log: /home/byx/testSpace/javaprjs/axion-1.0-M2/cs1call_logs/run_20250522-173111.log
------------------------------
Project: log4j-1.2.16
Task: cs1call
Duration: 27.49s
Status: SUCCESS (Code: 0)
Log: /home/byx/testSpace/javaprjs/log4j-1.2.16/cs1call_logs/run_20250522-173117.log
------------------------------
Project: sandmark-3.4
Task: cs1call
Duration: 14.75s
Status: SUCCESS (Code: 0)
Log: /home/byx/testSpace/javaprjs/sandmark-3.4/cs1call_logs/run_20250522-173144.log
------------------------------
Project: fitjava-1.1
Task: cs1call
Duration: 9.43s
Status: SUCCESS (Code: 0)
Log: /home/byx/testSpace/javaprjs/fitjava-1.1/cs1call_logs/run_20250522-173159.log
------------------------------
Project: lucene-4.3.0
Task: cs1call
Duration: 3.31s
Status: SUCCESS (Code: 0)
Log: /home/byx/testSpace/javaprjs/lucene-4.3.0/cs1call_logs/run_20250522-173209.log
------------------------------
Project: checkstyle-5.1
Task: cs1call
Duration: 15.55s
Status: SUCCESS (Code: 0)
Log: /home/byx/testSpace/javaprjs/checkstyle-5.1/cs1call_logs/run_20250522-173212.log
------------------------------
Project: jasperreports-1.1.0
Task: cs1call
Duration: 3.01s
Status: FAILED (Code: 1)
Log: /home/byx/testSpace/javaprjs/jasperreports-1.1.0/cs1call_logs/run_20250522-173227.log
------------------------------
Project: quilt-0.6-a-5
Task: cs1call
Duration: 16.81s
Status: SUCCESS (Code: 0)
Log: /home/byx/testSpace/javaprjs/quilt-0.6-a-5/cs1call_logs/run_20250522-173230.log
------------------------------
Project: jmoney-0.4.4
Task: cs1call
Duration: 9.06s
Status: FAILED (Code: 1)
Log: /home/byx/testSpace/javaprjs/jmoney-0.4.4/cs1call_logs/run_20250522-173247.log
------------------------------
Project: mvnforum-1.2.2-ga
Task: cs1call
Duration: 10.25s
Status: SUCCESS (Code: 0)
Log: /home/byx/testSpace/javaprjs/mvnforum-1.2.2-ga/cs1call_logs/run_20250522-173256.log
------------------------------
Project: guava-21.0
Task: cs1call
Duration: 7.33s
Status: SUCCESS (Code: 0)
Log: /home/byx/testSpace/javaprjs/guava-21.0/cs1call_logs/run_20250522-173307.log
------------------------------
Project: fitlibraryforfitnesse-20100806
Task: cs1call
Duration: 14.85s
Status: SUCCESS (Code: 0)
Log: /home/byx/testSpace/javaprjs/fitlibraryforfitnesse-20100806/cs1call_logs/run_20250522-173314.log
------------------------------
Project: asm-5.2
Task: cs1call
Duration: 3.41s
Status: SUCCESS (Code: 0)
Log: /home/byx/testSpace/javaprjs/asm-5.2/cs1call_logs/run_20250522-173329.log
------------------------------
Project: drawswf-1.2.9
Task: cs1call
Duration: 18.57s
Status: SUCCESS (Code: 0)
Log: /home/byx/testSpace/javaprjs/drawswf-1.2.9/cs1call_logs/run_20250522-173332.log
------------------------------
Project: jgrapht-0.8.1
Task: cs1call
Duration: 24.08s
Status: SUCCESS (Code: 0)
Log: /home/byx/testSpace/javaprjs/jgrapht-0.8.1/cs1call_logs/run_20250522-173351.log
------------------------------
Project: jspwiki-2.8.4
Task: cs1call
Duration: 17.35s
Status: SUCCESS (Code: 0)
Log: /home/byx/testSpace/javaprjs/jspwiki-2.8.4/cs1call_logs/run_20250522-173415.log
------------------------------
Project: drools-7.0.0.Beta6
Task: cs1call
Duration: 21.49s
Status: SUCCESS (Code: 0)
Log: /home/byx/testSpace/javaprjs/drools-7.0.0.Beta6/cs1call_logs/run_20250522-173432.log
------------------------------
Project: jgraphpad-5.10.0.2
Task: cs1call
Duration: 5.52s
Status: FAILED (Code: 1)
Log: /home/byx/testSpace/javaprjs/jgraphpad-5.10.0.2/cs1call_logs/run_20250522-173454.log
------------------------------
Project: jparse-0.96
Task: cs1call
Duration: 4.01s
Status: FAILED (Code: 1)
Log: /home/byx/testSpace/javaprjs/jparse-0.96/cs1call_logs/run_20250522-173459.log
------------------------------
Project: sunflow-0.07.2
Task: cs1call
Duration: 36.54s
Status: SUCCESS (Code: 0)
Log: /home/byx/testSpace/javaprjs/sunflow-0.07.2/cs1call_logs/run_20250522-173503.log
------------------------------
Project: galleon-2.3.0
Task: cs1call
Duration: 11.94s
Status: FAILED (Code: 1)
Log: /home/byx/testSpace/javaprjs/galleon-2.3.0/cs1call_logs/run_20250522-173540.log
------------------------------
Project: jrefactory-2.9.19
Task: cs1call
Duration: 12.54s
Status: FAILED (Code: 1)
Log: /home/byx/testSpace/javaprjs/jrefactory-2.9.19/cs1call_logs/run_20250522-173552.log
------------------------------
Project: freecol-0.10.7
Task: cs1call
Duration: 84.0s
Status: SUCCESS (Code: 0)
Log: /home/byx/testSpace/javaprjs/freecol-0.10.7/cs1call_logs/run_20250522-173604.log
------------------------------
Project: findbugs-1.3.9
Task: cs1call
Duration: 7.53s
Status: FAILED (Code: 1)
Log: /home/byx/testSpace/javaprjs/findbugs-1.3.9/cs1call_logs/run_20250522-173728.log
------------------------------
Project: jpf-1.5.1
Task: cs1call
Duration: 4.41s
Status: FAILED (Code: 1)
Log: /home/byx/testSpace/javaprjs/jpf-1.5.1/cs1call_logs/run_20250522-173736.log
------------------------------
Project: jrat-0.6
Task: cs1call
Duration: 9.03s
Status: SUCCESS (Code: 0)
Log: /home/byx/testSpace/javaprjs/jrat-0.6/cs1call_logs/run_20250522-173740.log
------------------------------
Project: jgraph-5.13.0.0
Task: cs1call
Duration: 3.81s
Status: SUCCESS (Code: 0)
Log: /home/byx/testSpace/javaprjs/jgraph-5.13.0.0/cs1call_logs/run_20250522-173749.log
------------------------------
Project: informa-0.7.0-alpha2
Task: cs1call
Duration: 7.12s
Status: FAILED (Code: 1)
Log: /home/byx/testSpace/javaprjs/informa-0.7.0-alpha2/cs1call_logs/run_20250522-173753.log
------------------------------
Project: c_jdbc-2.0.2
Task: cs1call
Duration: 14.76s
Status: FAILED (Code: 1)
Log: /home/byx/testSpace/javaprjs/c_jdbc-2.0.2/cs1call_logs/run_20250522-173800.log
------------------------------
Project: tapestry-5.1.0.5
Task: cs1call
Duration: 8.13s
Status: FAILED (Code: 1)
Log: /home/byx/testSpace/javaprjs/tapestry-5.1.0.5/cs1call_logs/run_20250522-173815.log
------------------------------
Project: aspectj-1.6.9
Task: cs1call
Duration: 2.81s
Status: FAILED (Code: 1)
Log: /home/byx/testSpace/javaprjs/aspectj-1.6.9/cs1call_logs/run_20250522-173823.log
------------------------------
Project: jena-2.6.3
Task: cs1call
Duration: 8.53s
Status: FAILED (Code: 1)
Log: /home/byx/testSpace/javaprjs/jena-2.6.3/cs1call_logs/run_20250522-173826.log
------------------------------
Project: james-2.2.0
Task: cs1call
Duration: 5.02s
Status: SUCCESS (Code: 0)
Log: /home/byx/testSpace/javaprjs/james-2.2.0/cs1call_logs/run_20250522-173834.log
------------------------------
Project: jFin_DateMath-R1.0.1
Task: cs1call
Duration: 3.21s
Status: SUCCESS (Code: 0)
Log: /home/byx/testSpace/javaprjs/jFin_DateMath-R1.0.1/cs1call_logs/run_20250522-173839.log
------------------------------
Project: xerces-2.10.0
Task: cs1call
Duration: 10.73s
Status: SUCCESS (Code: 0)
Log: /home/byx/testSpace/javaprjs/xerces-2.10.0/cs1call_logs/run_20250522-173843.log
------------------------------
Project: sablecc-3.2
Task: cs1call
Duration: 16.56s
Status: SUCCESS (Code: 0)
Log: /home/byx/testSpace/javaprjs/sablecc-3.2/cs1call_logs/run_20250522-173853.log
------------------------------
