Task Summary (2025-05-23 12:45:26)
==================================================
Total Tasks: 76
Success Tasks: 50

Details:
--------------------------------------------------
Project: aoi-2.8.1
Task: cs1call
Duration: 45.75s
Status: SUCCESS (Code: 0)
Log: /home/byx/testSpace/javaprjs/aoi-2.8.1/cs1call_logs/run_20250523-122220.log
------------------------------
Project: oscache-2.4.1
Task: cs1call
Duration: 6.63s
Status: FAILED (Code: 1)
Log: /home/byx/testSpace/javaprjs/oscache-2.4.1/cs1call_logs/run_20250523-122306.log
------------------------------
Project: pmd-4.2.5
Task: cs1call
Duration: 5.72s
Status: FAILED (Code: 1)
Log: /home/byx/testSpace/javaprjs/pmd-4.2.5/cs1call_logs/run_20250523-122312.log
------------------------------
Project: wct-1.5.2
Task: cs1call
Duration: 7.72s
Status: FAILED (Code: 1)
Log: /home/byx/testSpace/javaprjs/wct-1.5.2/cs1call_logs/run_20250523-122318.log
------------------------------
Project: tomcat-7.0.2
Task: cs1call
Duration: 4.31s
Status: FAILED (Code: 1)
Log: /home/byx/testSpace/javaprjs/tomcat-7.0.2/cs1call_logs/run_20250523-122326.log
------------------------------
Project: velocity-1.6.4
Task: cs1call
Duration: 5.32s
Status: FAILED (Code: 1)
Log: /home/byx/testSpace/javaprjs/velocity-1.6.4/cs1call_logs/run_20250523-122330.log
------------------------------
Project: castor-1.3.1
Task: cs1call
Duration: 2.51s
Status: FAILED (Code: 1)
Log: /home/byx/testSpace/javaprjs/castor-1.3.1/cs1call_logs/run_20250523-122335.log
------------------------------
Project: jedit-4.3.2
Task: cs1call
Duration: 49.88s
Status: SUCCESS (Code: 0)
Log: /home/byx/testSpace/javaprjs/jedit-4.3.2/cs1call_logs/run_20250523-122338.log
------------------------------
Project: itext-5.0.3
Task: cs1call
Duration: 29.8s
Status: SUCCESS (Code: 0)
Log: /home/byx/testSpace/javaprjs/itext-5.0.3/cs1call_logs/run_20250523-122428.log
------------------------------
Project: emma-2.0.5312
Task: cs1call
Duration: 8.73s
Status: SUCCESS (Code: 0)
Log: /home/byx/testSpace/javaprjs/emma-2.0.5312/cs1call_logs/run_20250523-122457.log
------------------------------
Project: picocontainer-2.10.2
Task: cs1call
Duration: 3.71s
Status: FAILED (Code: 1)
Log: /home/byx/testSpace/javaprjs/picocontainer-2.10.2/cs1call_logs/run_20250523-122506.log
------------------------------
Project: pooka-3.0-080505
Task: cs1call
Duration: 61.01s
Status: SUCCESS (Code: 0)
Log: /home/byx/testSpace/javaprjs/pooka-3.0-080505/cs1call_logs/run_20250523-122510.log
------------------------------
Project: jag-6.1
Task: cs1call
Duration: 20.76s
Status: SUCCESS (Code: 0)
Log: /home/byx/testSpace/javaprjs/jag-6.1/cs1call_logs/run_20250523-122611.log
------------------------------
Project: proguard-4.5.1
Task: cs1call
Duration: 12.14s
Status: SUCCESS (Code: 0)
Log: /home/byx/testSpace/javaprjs/proguard-4.5.1/cs1call_logs/run_20250523-122632.log
------------------------------
Project: commons-collections-3.2.1
Task: cs1call
Duration: 4.11s
Status: SUCCESS (Code: 0)
Log: /home/byx/testSpace/javaprjs/commons-collections-3.2.1/cs1call_logs/run_20250523-122644.log
------------------------------
Project: openjms-0.7.7-beta-1
Task: cs1call
Duration: 10.94s
Status: SUCCESS (Code: 0)
Log: /home/byx/testSpace/javaprjs/openjms-0.7.7-beta-1/cs1call_logs/run_20250523-122648.log
------------------------------
Project: xalan-2.7.1
Task: cs1call
Duration: 50.87s
Status: SUCCESS (Code: 0)
Log: /home/byx/testSpace/javaprjs/xalan-2.7.1/cs1call_logs/run_20250523-122659.log
------------------------------
Project: jgroups-2.10.0
Task: cs1call
Duration: 36.91s
Status: SUCCESS (Code: 0)
Log: /home/byx/testSpace/javaprjs/jgroups-2.10.0/cs1call_logs/run_20250523-122750.log
------------------------------
Project: megamek-0.35.18
Task: cs1call
Duration: 53.09s
Status: SUCCESS (Code: 0)
Log: /home/byx/testSpace/javaprjs/megamek-0.35.18/cs1call_logs/run_20250523-122827.log
------------------------------
Project: colt-1.2.0
Task: cs1call
Duration: 5.22s
Status: SUCCESS (Code: 0)
Log: /home/byx/testSpace/javaprjs/colt-1.2.0/cs1call_logs/run_20250523-122920.log
------------------------------
Project: jext-5.0
Task: cs1call
Duration: 41.64s
Status: SUCCESS (Code: 0)
Log: /home/byx/testSpace/javaprjs/jext-5.0/cs1call_logs/run_20250523-122925.log
------------------------------
Project: jasml-0.10
Task: cs1call
Duration: 9.03s
Status: SUCCESS (Code: 0)
Log: /home/byx/testSpace/javaprjs/jasml-0.10/cs1call_logs/run_20250523-123007.log
------------------------------
Project: batik-1.7
Task: cs1call
Duration: 75.35s
Status: SUCCESS (Code: 0)
Log: /home/byx/testSpace/javaprjs/batik-1.7/cs1call_logs/run_20250523-123016.log
------------------------------
Project: jhotdraw-7.5.1
Task: cs1call
Duration: 49.56s
Status: SUCCESS (Code: 0)
Log: /home/byx/testSpace/javaprjs/jhotdraw-7.5.1/cs1call_logs/run_20250523-123131.log
------------------------------
Project: trove-2.1.0
Task: cs1call
Duration: 4.94s
Status: SUCCESS (Code: 0)
Log: /home/byx/testSpace/javaprjs/trove-2.1.0/cs1call_logs/run_20250523-123220.log
------------------------------
Project: freecs-1.3.20100406
Task: cs1call
Duration: 17.56s
Status: SUCCESS (Code: 0)
Log: /home/byx/testSpace/javaprjs/freecs-1.3.20100406/cs1call_logs/run_20250523-123225.log
------------------------------
Project: displaytag-1.2
Task: cs1call
Duration: 2.51s
Status: FAILED (Code: 1)
Log: /home/byx/testSpace/javaprjs/displaytag-1.2/cs1call_logs/run_20250523-123243.log
------------------------------
Project: quartz-1.8.3
Task: cs1call
Duration: 18.06s
Status: SUCCESS (Code: 0)
Log: /home/byx/testSpace/javaprjs/quartz-1.8.3/cs1call_logs/run_20250523-123245.log
------------------------------
Project: ivatagroupware-0.11.3
Task: cs1call
Duration: 7.12s
Status: FAILED (Code: 1)
Log: /home/byx/testSpace/javaprjs/ivatagroupware-0.11.3/cs1call_logs/run_20250523-123304.log
------------------------------
Project: squirrel_sql-3.1.2
Task: cs1call
Duration: 10.33s
Status: FAILED (Code: 1)
Log: /home/byx/testSpace/javaprjs/squirrel_sql-3.1.2/cs1call_logs/run_20250523-123311.log
------------------------------
Project: javacc-5.0
Task: cs1call
Duration: 16.75s
Status: SUCCESS (Code: 0)
Log: /home/byx/testSpace/javaprjs/javacc-5.0/cs1call_logs/run_20250523-123321.log
------------------------------
Project: jfreechart-1.0.13
Task: cs1call
Duration: 6.32s
Status: SUCCESS (Code: 0)
Log: /home/byx/testSpace/javaprjs/jfreechart-1.0.13/cs1call_logs/run_20250523-123338.log
------------------------------
Project: webmail-0.7.10
Task: cs1call
Duration: 6.32s
Status: FAILED (Code: 1)
Log: /home/byx/testSpace/javaprjs/webmail-0.7.10/cs1call_logs/run_20250523-123344.log
------------------------------
Project: nekohtml-1.9.14
Task: cs1call
Duration: 6.52s
Status: FAILED (Code: 1)
Log: /home/byx/testSpace/javaprjs/nekohtml-1.9.14/cs1call_logs/run_20250523-123350.log
------------------------------
Project: ApacheJMeter_core-3.1
Task: cs1call
Duration: 10.13s
Status: FAILED (Code: 1)
Log: /home/byx/testSpace/javaprjs/ApacheJMeter_core-3.1/cs1call_logs/run_20250523-123357.log
------------------------------
Project: marauroa-3.8.1
Task: cs1call
Duration: 16.46s
Status: SUCCESS (Code: 0)
Log: /home/byx/testSpace/javaprjs/marauroa-3.8.1/cs1call_logs/run_20250523-123407.log
------------------------------
Project: mockito-core-2.7.17
Task: cs1call
Duration: 3.92s
Status: FAILED (Code: 1)
Log: /home/byx/testSpace/javaprjs/mockito-core-2.7.17/cs1call_logs/run_20250523-123424.log
------------------------------
Project: jsXe-04_beta
Task: cs1call
Duration: 7.23s
Status: FAILED (Code: 1)
Log: /home/byx/testSpace/javaprjs/jsXe-04_beta/cs1call_logs/run_20250523-123427.log
------------------------------
Project: htmlunit-2.8
Task: cs1call
Duration: 7.12s
Status: SUCCESS (Code: 0)
Log: /home/byx/testSpace/javaprjs/htmlunit-2.8/cs1call_logs/run_20250523-123435.log
------------------------------
Project: weka-3-7-9
Task: cs1call
Duration: 124.76s
Status: SUCCESS (Code: 0)
Log: /home/byx/testSpace/javaprjs/weka-3-7-9/cs1call_logs/run_20250523-123442.log
------------------------------
Project: axion-1.0-M2
Task: cs1call
Duration: 10.43s
Status: SUCCESS (Code: 0)
Log: /home/byx/testSpace/javaprjs/axion-1.0-M2/cs1call_logs/run_20250523-123647.log
------------------------------
Project: log4j-1.2.16
Task: cs1call
Duration: 27.19s
Status: SUCCESS (Code: 0)
Log: /home/byx/testSpace/javaprjs/log4j-1.2.16/cs1call_logs/run_20250523-123657.log
------------------------------
Project: sandmark-3.4
Task: cs1call
Duration: 15.24s
Status: SUCCESS (Code: 0)
Log: /home/byx/testSpace/javaprjs/sandmark-3.4/cs1call_logs/run_20250523-123724.log
------------------------------
Project: fitjava-1.1
Task: cs1call
Duration: 9.53s
Status: SUCCESS (Code: 0)
Log: /home/byx/testSpace/javaprjs/fitjava-1.1/cs1call_logs/run_20250523-123739.log
------------------------------
Project: lucene-4.3.0
Task: cs1call
Duration: 3.41s
Status: SUCCESS (Code: 0)
Log: /home/byx/testSpace/javaprjs/lucene-4.3.0/cs1call_logs/run_20250523-123749.log
------------------------------
Project: checkstyle-5.1
Task: cs1call
Duration: 15.05s
Status: SUCCESS (Code: 0)
Log: /home/byx/testSpace/javaprjs/checkstyle-5.1/cs1call_logs/run_20250523-123752.log
------------------------------
Project: jasperreports-1.1.0
Task: cs1call
Duration: 3.41s
Status: FAILED (Code: 1)
Log: /home/byx/testSpace/javaprjs/jasperreports-1.1.0/cs1call_logs/run_20250523-123807.log
------------------------------
Project: quilt-0.6-a-5
Task: cs1call
Duration: 14.94s
Status: SUCCESS (Code: 0)
Log: /home/byx/testSpace/javaprjs/quilt-0.6-a-5/cs1call_logs/run_20250523-123811.log
------------------------------
Project: jmoney-0.4.4
Task: cs1call
Duration: 16.15s
Status: SUCCESS (Code: 0)
Log: /home/byx/testSpace/javaprjs/jmoney-0.4.4/cs1call_logs/run_20250523-123826.log
------------------------------
Project: mvnforum-1.2.2-ga
Task: cs1call
Duration: 9.74s
Status: SUCCESS (Code: 0)
Log: /home/byx/testSpace/javaprjs/mvnforum-1.2.2-ga/cs1call_logs/run_20250523-123842.log
------------------------------
Project: guava-21.0
Task: cs1call
Duration: 7.53s
Status: SUCCESS (Code: 0)
Log: /home/byx/testSpace/javaprjs/guava-21.0/cs1call_logs/run_20250523-123852.log
------------------------------
Project: fitlibraryforfitnesse-20100806
Task: cs1call
Duration: 14.75s
Status: SUCCESS (Code: 0)
Log: /home/byx/testSpace/javaprjs/fitlibraryforfitnesse-20100806/cs1call_logs/run_20250523-123859.log
------------------------------
Project: asm-5.2
Task: cs1call
Duration: 3.41s
Status: SUCCESS (Code: 0)
Log: /home/byx/testSpace/javaprjs/asm-5.2/cs1call_logs/run_20250523-123914.log
------------------------------
Project: drawswf-1.2.9
Task: cs1call
Duration: 18.06s
Status: SUCCESS (Code: 0)
Log: /home/byx/testSpace/javaprjs/drawswf-1.2.9/cs1call_logs/run_20250523-123917.log
------------------------------
Project: jgrapht-0.8.1
Task: cs1call
Duration: 24.07s
Status: SUCCESS (Code: 0)
Log: /home/byx/testSpace/javaprjs/jgrapht-0.8.1/cs1call_logs/run_20250523-123935.log
------------------------------
Project: jspwiki-2.8.4
Task: cs1call
Duration: 16.65s
Status: SUCCESS (Code: 0)
Log: /home/byx/testSpace/javaprjs/jspwiki-2.8.4/cs1call_logs/run_20250523-123959.log
------------------------------
Project: drools-7.0.0.Beta6
Task: cs1call
Duration: 21.38s
Status: SUCCESS (Code: 0)
Log: /home/byx/testSpace/javaprjs/drools-7.0.0.Beta6/cs1call_logs/run_20250523-124016.log
------------------------------
Project: jgraphpad-5.10.0.2
Task: cs1call
Duration: 5.42s
Status: FAILED (Code: 1)
Log: /home/byx/testSpace/javaprjs/jgraphpad-5.10.0.2/cs1call_logs/run_20250523-124037.log
------------------------------
Project: jparse-0.96
Task: cs1call
Duration: 3.92s
Status: FAILED (Code: 1)
Log: /home/byx/testSpace/javaprjs/jparse-0.96/cs1call_logs/run_20250523-124043.log
------------------------------
Project: sunflow-0.07.2
Task: cs1call
Duration: 39.77s
Status: SUCCESS (Code: 0)
Log: /home/byx/testSpace/javaprjs/sunflow-0.07.2/cs1call_logs/run_20250523-124047.log
------------------------------
Project: galleon-2.3.0
Task: cs1call
Duration: 12.74s
Status: FAILED (Code: 1)
Log: /home/byx/testSpace/javaprjs/galleon-2.3.0/cs1call_logs/run_20250523-124127.log
------------------------------
Project: jrefactory-2.9.19
Task: cs1call
Duration: 26.39s
Status: SUCCESS (Code: 0)
Log: /home/byx/testSpace/javaprjs/jrefactory-2.9.19/cs1call_logs/run_20250523-124139.log
------------------------------
Project: freecol-0.10.7
Task: cs1call
Duration: 89.71s
Status: SUCCESS (Code: 0)
Log: /home/byx/testSpace/javaprjs/freecol-0.10.7/cs1call_logs/run_20250523-124206.log
------------------------------
Project: findbugs-1.3.9
Task: cs1call
Duration: 8.63s
Status: FAILED (Code: 1)
Log: /home/byx/testSpace/javaprjs/findbugs-1.3.9/cs1call_logs/run_20250523-124335.log
------------------------------
Project: jpf-1.5.1
Task: cs1call
Duration: 4.92s
Status: FAILED (Code: 1)
Log: /home/byx/testSpace/javaprjs/jpf-1.5.1/cs1call_logs/run_20250523-124344.log
------------------------------
Project: jrat-0.6
Task: cs1call
Duration: 11.77s
Status: SUCCESS (Code: 0)
Log: /home/byx/testSpace/javaprjs/jrat-0.6/cs1call_logs/run_20250523-124349.log
------------------------------
Project: jgraph-5.13.0.0
Task: cs1call
Duration: 4.42s
Status: SUCCESS (Code: 0)
Log: /home/byx/testSpace/javaprjs/jgraph-5.13.0.0/cs1call_logs/run_20250523-124401.log
------------------------------
Project: informa-0.7.0-alpha2
Task: cs1call
Duration: 8.04s
Status: FAILED (Code: 1)
Log: /home/byx/testSpace/javaprjs/informa-0.7.0-alpha2/cs1call_logs/run_20250523-124405.log
------------------------------
Project: c_jdbc-2.0.2
Task: cs1call
Duration: 15.45s
Status: FAILED (Code: 1)
Log: /home/byx/testSpace/javaprjs/c_jdbc-2.0.2/cs1call_logs/run_20250523-124413.log
------------------------------
Project: tapestry-5.1.0.5
Task: cs1call
Duration: 8.53s
Status: FAILED (Code: 1)
Log: /home/byx/testSpace/javaprjs/tapestry-5.1.0.5/cs1call_logs/run_20250523-124429.log
------------------------------
Project: aspectj-1.6.9
Task: cs1call
Duration: 2.81s
Status: FAILED (Code: 1)
Log: /home/byx/testSpace/javaprjs/aspectj-1.6.9/cs1call_logs/run_20250523-124437.log
------------------------------
Project: jena-2.6.3
Task: cs1call
Duration: 8.93s
Status: FAILED (Code: 1)
Log: /home/byx/testSpace/javaprjs/jena-2.6.3/cs1call_logs/run_20250523-124440.log
------------------------------
Project: james-2.2.0
Task: cs1call
Duration: 5.22s
Status: SUCCESS (Code: 0)
Log: /home/byx/testSpace/javaprjs/james-2.2.0/cs1call_logs/run_20250523-124449.log
------------------------------
Project: jFin_DateMath-R1.0.1
Task: cs1call
Duration: 3.21s
Status: SUCCESS (Code: 0)
Log: /home/byx/testSpace/javaprjs/jFin_DateMath-R1.0.1/cs1call_logs/run_20250523-124454.log
------------------------------
Project: xerces-2.10.0
Task: cs1call
Duration: 10.83s
Status: SUCCESS (Code: 0)
Log: /home/byx/testSpace/javaprjs/xerces-2.10.0/cs1call_logs/run_20250523-124457.log
------------------------------
Project: sablecc-3.2
Task: cs1call
Duration: 18.17s
Status: SUCCESS (Code: 0)
Log: /home/byx/testSpace/javaprjs/sablecc-3.2/cs1call_logs/run_20250523-124508.log
------------------------------
